ARM GAS  /tmp/ccLB9qu0.s 			page 1


   1              		.cpu cortex-m4
   2              		.arch armv7e-m
   3              		.fpu fpv4-sp-d16
   4              		.eabi_attribute 27, 1
   5              		.eabi_attribute 28, 1
   6              		.eabi_attribute 20, 1
   7              		.eabi_attribute 21, 1
   8              		.eabi_attribute 23, 3
   9              		.eabi_attribute 24, 1
  10              		.eabi_attribute 25, 1
  11              		.eabi_attribute 26, 1
  12              		.eabi_attribute 30, 1
  13              		.eabi_attribute 34, 1
  14              		.eabi_attribute 18, 4
  15              		.file	"stm32f4xx_hal_msp.c"
  16              		.text
  17              	.Ltext0:
  18              		.cfi_sections	.debug_frame
  19              		.file 1 "Core/Src/stm32f4xx_hal_msp.c"
  20              		.section	.text.HAL_MspInit,"ax",%progbits
  21              		.align	1
  22              		.global	HAL_MspInit
  23              		.syntax unified
  24              		.thumb
  25              		.thumb_func
  27              	HAL_MspInit:
  28              	.LFB134:
   1:Core/Src/stm32f4xx_hal_msp.c **** /* USER CODE BEGIN Header */
   2:Core/Src/stm32f4xx_hal_msp.c **** /**
   3:Core/Src/stm32f4xx_hal_msp.c ****   ******************************************************************************
   4:Core/Src/stm32f4xx_hal_msp.c ****   * @file         stm32f4xx_hal_msp.c
   5:Core/Src/stm32f4xx_hal_msp.c ****   * @brief        This file provides code for the MSP Initialization
   6:Core/Src/stm32f4xx_hal_msp.c ****   *               and de-Initialization codes.
   7:Core/Src/stm32f4xx_hal_msp.c ****   ******************************************************************************
   8:Core/Src/stm32f4xx_hal_msp.c ****   * @attention
   9:Core/Src/stm32f4xx_hal_msp.c ****   *
  10:Core/Src/stm32f4xx_hal_msp.c ****   * Copyright (c) 2026 STMicroelectronics.
  11:Core/Src/stm32f4xx_hal_msp.c ****   * All rights reserved.
  12:Core/Src/stm32f4xx_hal_msp.c ****   *
  13:Core/Src/stm32f4xx_hal_msp.c ****   * This software is licensed under terms that can be found in the LICENSE file
  14:Core/Src/stm32f4xx_hal_msp.c ****   * in the root directory of this software component.
  15:Core/Src/stm32f4xx_hal_msp.c ****   * If no LICENSE file comes with this software, it is provided AS-IS.
  16:Core/Src/stm32f4xx_hal_msp.c ****   *
  17:Core/Src/stm32f4xx_hal_msp.c ****   ******************************************************************************
  18:Core/Src/stm32f4xx_hal_msp.c ****   */
  19:Core/Src/stm32f4xx_hal_msp.c **** /* USER CODE END Header */
  20:Core/Src/stm32f4xx_hal_msp.c **** 
  21:Core/Src/stm32f4xx_hal_msp.c **** /* Includes ------------------------------------------------------------------*/
  22:Core/Src/stm32f4xx_hal_msp.c **** #include "main.h"
  23:Core/Src/stm32f4xx_hal_msp.c **** /* USER CODE BEGIN Includes */
  24:Core/Src/stm32f4xx_hal_msp.c **** 
  25:Core/Src/stm32f4xx_hal_msp.c **** /* USER CODE END Includes */
  26:Core/Src/stm32f4xx_hal_msp.c **** 
  27:Core/Src/stm32f4xx_hal_msp.c **** /* Private typedef -----------------------------------------------------------*/
  28:Core/Src/stm32f4xx_hal_msp.c **** /* USER CODE BEGIN TD */
  29:Core/Src/stm32f4xx_hal_msp.c **** 
  30:Core/Src/stm32f4xx_hal_msp.c **** /* USER CODE END TD */
ARM GAS  /tmp/ccLB9qu0.s 			page 2


  31:Core/Src/stm32f4xx_hal_msp.c **** 
  32:Core/Src/stm32f4xx_hal_msp.c **** /* Private define ------------------------------------------------------------*/
  33:Core/Src/stm32f4xx_hal_msp.c **** /* USER CODE BEGIN Define */
  34:Core/Src/stm32f4xx_hal_msp.c **** 
  35:Core/Src/stm32f4xx_hal_msp.c **** /* USER CODE END Define */
  36:Core/Src/stm32f4xx_hal_msp.c **** 
  37:Core/Src/stm32f4xx_hal_msp.c **** /* Private macro -------------------------------------------------------------*/
  38:Core/Src/stm32f4xx_hal_msp.c **** /* USER CODE BEGIN Macro */
  39:Core/Src/stm32f4xx_hal_msp.c **** 
  40:Core/Src/stm32f4xx_hal_msp.c **** /* USER CODE END Macro */
  41:Core/Src/stm32f4xx_hal_msp.c **** 
  42:Core/Src/stm32f4xx_hal_msp.c **** /* Private variables ---------------------------------------------------------*/
  43:Core/Src/stm32f4xx_hal_msp.c **** /* USER CODE BEGIN PV */
  44:Core/Src/stm32f4xx_hal_msp.c **** 
  45:Core/Src/stm32f4xx_hal_msp.c **** /* USER CODE END PV */
  46:Core/Src/stm32f4xx_hal_msp.c **** 
  47:Core/Src/stm32f4xx_hal_msp.c **** /* Private function prototypes -----------------------------------------------*/
  48:Core/Src/stm32f4xx_hal_msp.c **** /* USER CODE BEGIN PFP */
  49:Core/Src/stm32f4xx_hal_msp.c **** 
  50:Core/Src/stm32f4xx_hal_msp.c **** /* USER CODE END PFP */
  51:Core/Src/stm32f4xx_hal_msp.c **** 
  52:Core/Src/stm32f4xx_hal_msp.c **** /* External functions --------------------------------------------------------*/
  53:Core/Src/stm32f4xx_hal_msp.c **** /* USER CODE BEGIN ExternalFunctions */
  54:Core/Src/stm32f4xx_hal_msp.c **** 
  55:Core/Src/stm32f4xx_hal_msp.c **** /* USER CODE END ExternalFunctions */
  56:Core/Src/stm32f4xx_hal_msp.c **** 
  57:Core/Src/stm32f4xx_hal_msp.c **** /* USER CODE BEGIN 0 */
  58:Core/Src/stm32f4xx_hal_msp.c **** 
  59:Core/Src/stm32f4xx_hal_msp.c **** /* USER CODE END 0 */
  60:Core/Src/stm32f4xx_hal_msp.c **** /**
  61:Core/Src/stm32f4xx_hal_msp.c ****   * Initializes the Global MSP.
  62:Core/Src/stm32f4xx_hal_msp.c ****   */
  63:Core/Src/stm32f4xx_hal_msp.c **** void HAL_MspInit(void)
  64:Core/Src/stm32f4xx_hal_msp.c **** {
  29              		.loc 1 64 1 view -0
  30              		.cfi_startproc
  31              		@ args = 0, pretend = 0, frame = 8
  32              		@ frame_needed = 0, uses_anonymous_args = 0
  33 0000 00B5     		push	{lr}
  34              	.LCFI0:
  35              		.cfi_def_cfa_offset 4
  36              		.cfi_offset 14, -4
  37 0002 83B0     		sub	sp, sp, #12
  38              	.LCFI1:
  39              		.cfi_def_cfa_offset 16
  65:Core/Src/stm32f4xx_hal_msp.c **** 
  66:Core/Src/stm32f4xx_hal_msp.c ****   /* USER CODE BEGIN MspInit 0 */
  67:Core/Src/stm32f4xx_hal_msp.c **** 
  68:Core/Src/stm32f4xx_hal_msp.c ****   /* USER CODE END MspInit 0 */
  69:Core/Src/stm32f4xx_hal_msp.c **** 
  70:Core/Src/stm32f4xx_hal_msp.c ****   __HAL_RCC_SYSCFG_CLK_ENABLE();
  40              		.loc 1 70 3 view .LVU1
  41              	.LBB2:
  42              		.loc 1 70 3 view .LVU2
  43 0004 0021     		movs	r1, #0
  44 0006 0091     		str	r1, [sp]
  45              		.loc 1 70 3 view .LVU3
ARM GAS  /tmp/ccLB9qu0.s 			page 3


  46 0008 0C4B     		ldr	r3, .L3
  47 000a 5A6C     		ldr	r2, [r3, #68]
  48 000c 42F48042 		orr	r2, r2, #16384
  49 0010 5A64     		str	r2, [r3, #68]
  50              		.loc 1 70 3 view .LVU4
  51 0012 5A6C     		ldr	r2, [r3, #68]
  52 0014 02F48042 		and	r2, r2, #16384
  53 0018 0092     		str	r2, [sp]
  54              		.loc 1 70 3 view .LVU5
  55 001a 009A     		ldr	r2, [sp]
  56              	.LBE2:
  57              		.loc 1 70 3 view .LVU6
  71:Core/Src/stm32f4xx_hal_msp.c ****   __HAL_RCC_PWR_CLK_ENABLE();
  58              		.loc 1 71 3 view .LVU7
  59              	.LBB3:
  60              		.loc 1 71 3 view .LVU8
  61 001c 0191     		str	r1, [sp, #4]
  62              		.loc 1 71 3 view .LVU9
  63 001e 1A6C     		ldr	r2, [r3, #64]
  64 0020 42F08052 		orr	r2, r2, #268435456
  65 0024 1A64     		str	r2, [r3, #64]
  66              		.loc 1 71 3 view .LVU10
  67 0026 1B6C     		ldr	r3, [r3, #64]
  68 0028 03F08053 		and	r3, r3, #268435456
  69 002c 0193     		str	r3, [sp, #4]
  70              		.loc 1 71 3 view .LVU11
  71 002e 019B     		ldr	r3, [sp, #4]
  72              	.LBE3:
  73              		.loc 1 71 3 view .LVU12
  72:Core/Src/stm32f4xx_hal_msp.c **** 
  73:Core/Src/stm32f4xx_hal_msp.c ****   HAL_NVIC_SetPriorityGrouping(NVIC_PRIORITYGROUP_0);
  74              		.loc 1 73 3 view .LVU13
  75 0030 0720     		movs	r0, #7
  76 0032 FFF7FEFF 		bl	HAL_NVIC_SetPriorityGrouping
  77              	.LVL0:
  74:Core/Src/stm32f4xx_hal_msp.c **** 
  75:Core/Src/stm32f4xx_hal_msp.c ****   /* System interrupt init*/
  76:Core/Src/stm32f4xx_hal_msp.c **** 
  77:Core/Src/stm32f4xx_hal_msp.c ****   /* USER CODE BEGIN MspInit 1 */
  78:Core/Src/stm32f4xx_hal_msp.c **** 
  79:Core/Src/stm32f4xx_hal_msp.c ****   /* USER CODE END MspInit 1 */
  80:Core/Src/stm32f4xx_hal_msp.c **** }
  78              		.loc 1 80 1 is_stmt 0 view .LVU14
  79 0036 03B0     		add	sp, sp, #12
  80              	.LCFI2:
  81              		.cfi_def_cfa_offset 4
  82              		@ sp needed
  83 0038 5DF804FB 		ldr	pc, [sp], #4
  84              	.L4:
  85              		.align	2
  86              	.L3:
  87 003c 00380240 		.word	1073887232
  88              		.cfi_endproc
  89              	.LFE134:
  91              		.section	.text.HAL_I2C_MspInit,"ax",%progbits
  92              		.align	1
  93              		.global	HAL_I2C_MspInit
ARM GAS  /tmp/ccLB9qu0.s 			page 4


  94              		.syntax unified
  95              		.thumb
  96              		.thumb_func
  98              	HAL_I2C_MspInit:
  99              	.LVL1:
 100              	.LFB135:
  81:Core/Src/stm32f4xx_hal_msp.c **** 
  82:Core/Src/stm32f4xx_hal_msp.c **** /**
  83:Core/Src/stm32f4xx_hal_msp.c ****   * @brief I2C MSP Initialization
  84:Core/Src/stm32f4xx_hal_msp.c ****   * This function configures the hardware resources used in this example
  85:Core/Src/stm32f4xx_hal_msp.c ****   * @param hi2c: I2C handle pointer
  86:Core/Src/stm32f4xx_hal_msp.c ****   * @retval None
  87:Core/Src/stm32f4xx_hal_msp.c ****   */
  88:Core/Src/stm32f4xx_hal_msp.c **** void HAL_I2C_MspInit(I2C_HandleTypeDef* hi2c)
  89:Core/Src/stm32f4xx_hal_msp.c **** {
 101              		.loc 1 89 1 is_stmt 1 view -0
 102              		.cfi_startproc
 103              		@ args = 0, pretend = 0, frame = 32
 104              		@ frame_needed = 0, uses_anonymous_args = 0
 105              		.loc 1 89 1 is_stmt 0 view .LVU16
 106 0000 30B5     		push	{r4, r5, lr}
 107              	.LCFI3:
 108              		.cfi_def_cfa_offset 12
 109              		.cfi_offset 4, -12
 110              		.cfi_offset 5, -8
 111              		.cfi_offset 14, -4
 112 0002 89B0     		sub	sp, sp, #36
 113              	.LCFI4:
 114              		.cfi_def_cfa_offset 48
  90:Core/Src/stm32f4xx_hal_msp.c ****   GPIO_InitTypeDef GPIO_InitStruct = {0};
 115              		.loc 1 90 3 is_stmt 1 view .LVU17
 116              		.loc 1 90 20 is_stmt 0 view .LVU18
 117 0004 0023     		movs	r3, #0
 118 0006 0393     		str	r3, [sp, #12]
 119 0008 0493     		str	r3, [sp, #16]
 120 000a 0593     		str	r3, [sp, #20]
 121 000c 0693     		str	r3, [sp, #24]
 122 000e 0793     		str	r3, [sp, #28]
  91:Core/Src/stm32f4xx_hal_msp.c ****   if(hi2c->Instance==I2C1)
 123              		.loc 1 91 3 is_stmt 1 view .LVU19
 124              		.loc 1 91 10 is_stmt 0 view .LVU20
 125 0010 0268     		ldr	r2, [r0]
 126              		.loc 1 91 5 view .LVU21
 127 0012 144B     		ldr	r3, .L9
 128 0014 9A42     		cmp	r2, r3
 129 0016 01D0     		beq	.L8
 130              	.LVL2:
 131              	.L5:
  92:Core/Src/stm32f4xx_hal_msp.c ****   {
  93:Core/Src/stm32f4xx_hal_msp.c ****     /* USER CODE BEGIN I2C1_MspInit 0 */
  94:Core/Src/stm32f4xx_hal_msp.c **** 
  95:Core/Src/stm32f4xx_hal_msp.c ****     /* USER CODE END I2C1_MspInit 0 */
  96:Core/Src/stm32f4xx_hal_msp.c **** 
  97:Core/Src/stm32f4xx_hal_msp.c ****     __HAL_RCC_GPIOB_CLK_ENABLE();
  98:Core/Src/stm32f4xx_hal_msp.c ****     /**I2C1 GPIO Configuration
  99:Core/Src/stm32f4xx_hal_msp.c ****     PB6     ------> I2C1_SCL
 100:Core/Src/stm32f4xx_hal_msp.c ****     PB7     ------> I2C1_SDA
ARM GAS  /tmp/ccLB9qu0.s 			page 5


 101:Core/Src/stm32f4xx_hal_msp.c ****     */
 102:Core/Src/stm32f4xx_hal_msp.c ****     GPIO_InitStruct.Pin = GPIO_PIN_6|GPIO_PIN_7;
 103:Core/Src/stm32f4xx_hal_msp.c ****     GPIO_InitStruct.Mode = GPIO_MODE_AF_OD;
 104:Core/Src/stm32f4xx_hal_msp.c ****     GPIO_InitStruct.Pull = GPIO_NOPULL;
 105:Core/Src/stm32f4xx_hal_msp.c ****     GPIO_InitStruct.Speed = GPIO_SPEED_FREQ_VERY_HIGH;
 106:Core/Src/stm32f4xx_hal_msp.c ****     GPIO_InitStruct.Alternate = GPIO_AF4_I2C1;
 107:Core/Src/stm32f4xx_hal_msp.c ****     HAL_GPIO_Init(GPIOB, &GPIO_InitStruct);
 108:Core/Src/stm32f4xx_hal_msp.c **** 
 109:Core/Src/stm32f4xx_hal_msp.c ****     /* Peripheral clock enable */
 110:Core/Src/stm32f4xx_hal_msp.c ****     __HAL_RCC_I2C1_CLK_ENABLE();
 111:Core/Src/stm32f4xx_hal_msp.c ****     /* USER CODE BEGIN I2C1_MspInit 1 */
 112:Core/Src/stm32f4xx_hal_msp.c **** 
 113:Core/Src/stm32f4xx_hal_msp.c ****     /* USER CODE END I2C1_MspInit 1 */
 114:Core/Src/stm32f4xx_hal_msp.c **** 
 115:Core/Src/stm32f4xx_hal_msp.c ****   }
 116:Core/Src/stm32f4xx_hal_msp.c **** 
 117:Core/Src/stm32f4xx_hal_msp.c **** }
 132              		.loc 1 117 1 view .LVU22
 133 0018 09B0     		add	sp, sp, #36
 134              	.LCFI5:
 135              		.cfi_remember_state
 136              		.cfi_def_cfa_offset 12
 137              		@ sp needed
 138 001a 30BD     		pop	{r4, r5, pc}
 139              	.LVL3:
 140              	.L8:
 141              	.LCFI6:
 142              		.cfi_restore_state
  97:Core/Src/stm32f4xx_hal_msp.c ****     /**I2C1 GPIO Configuration
 143              		.loc 1 97 5 is_stmt 1 view .LVU23
 144              	.LBB4:
  97:Core/Src/stm32f4xx_hal_msp.c ****     /**I2C1 GPIO Configuration
 145              		.loc 1 97 5 view .LVU24
 146 001c 0025     		movs	r5, #0
 147 001e 0195     		str	r5, [sp, #4]
  97:Core/Src/stm32f4xx_hal_msp.c ****     /**I2C1 GPIO Configuration
 148              		.loc 1 97 5 view .LVU25
 149 0020 114C     		ldr	r4, .L9+4
 150 0022 236B     		ldr	r3, [r4, #48]
 151 0024 43F00203 		orr	r3, r3, #2
 152 0028 2363     		str	r3, [r4, #48]
  97:Core/Src/stm32f4xx_hal_msp.c ****     /**I2C1 GPIO Configuration
 153              		.loc 1 97 5 view .LVU26
 154 002a 236B     		ldr	r3, [r4, #48]
 155 002c 03F00203 		and	r3, r3, #2
 156 0030 0193     		str	r3, [sp, #4]
  97:Core/Src/stm32f4xx_hal_msp.c ****     /**I2C1 GPIO Configuration
 157              		.loc 1 97 5 view .LVU27
 158 0032 019B     		ldr	r3, [sp, #4]
 159              	.LBE4:
  97:Core/Src/stm32f4xx_hal_msp.c ****     /**I2C1 GPIO Configuration
 160              		.loc 1 97 5 view .LVU28
 102:Core/Src/stm32f4xx_hal_msp.c ****     GPIO_InitStruct.Mode = GPIO_MODE_AF_OD;
 161              		.loc 1 102 5 view .LVU29
 102:Core/Src/stm32f4xx_hal_msp.c ****     GPIO_InitStruct.Mode = GPIO_MODE_AF_OD;
 162              		.loc 1 102 25 is_stmt 0 view .LVU30
 163 0034 C023     		movs	r3, #192
ARM GAS  /tmp/ccLB9qu0.s 			page 6


 164 0036 0393     		str	r3, [sp, #12]
 103:Core/Src/stm32f4xx_hal_msp.c ****     GPIO_InitStruct.Pull = GPIO_NOPULL;
 165              		.loc 1 103 5 is_stmt 1 view .LVU31
 103:Core/Src/stm32f4xx_hal_msp.c ****     GPIO_InitStruct.Pull = GPIO_NOPULL;
 166              		.loc 1 103 26 is_stmt 0 view .LVU32
 167 0038 1223     		movs	r3, #18
 168 003a 0493     		str	r3, [sp, #16]
 104:Core/Src/stm32f4xx_hal_msp.c ****     GPIO_InitStruct.Speed = GPIO_SPEED_FREQ_VERY_HIGH;
 169              		.loc 1 104 5 is_stmt 1 view .LVU33
 105:Core/Src/stm32f4xx_hal_msp.c ****     GPIO_InitStruct.Alternate = GPIO_AF4_I2C1;
 170              		.loc 1 105 5 view .LVU34
 105:Core/Src/stm32f4xx_hal_msp.c ****     GPIO_InitStruct.Alternate = GPIO_AF4_I2C1;
 171              		.loc 1 105 27 is_stmt 0 view .LVU35
 172 003c 0323     		movs	r3, #3
 173 003e 0693     		str	r3, [sp, #24]
 106:Core/Src/stm32f4xx_hal_msp.c ****     HAL_GPIO_Init(GPIOB, &GPIO_InitStruct);
 174              		.loc 1 106 5 is_stmt 1 view .LVU36
 106:Core/Src/stm32f4xx_hal_msp.c ****     HAL_GPIO_Init(GPIOB, &GPIO_InitStruct);
 175              		.loc 1 106 31 is_stmt 0 view .LVU37
 176 0040 0423     		movs	r3, #4
 177 0042 0793     		str	r3, [sp, #28]
 107:Core/Src/stm32f4xx_hal_msp.c **** 
 178              		.loc 1 107 5 is_stmt 1 view .LVU38
 179 0044 03A9     		add	r1, sp, #12
 180 0046 0948     		ldr	r0, .L9+8
 181              	.LVL4:
 107:Core/Src/stm32f4xx_hal_msp.c **** 
 182              		.loc 1 107 5 is_stmt 0 view .LVU39
 183 0048 FFF7FEFF 		bl	HAL_GPIO_Init
 184              	.LVL5:
 110:Core/Src/stm32f4xx_hal_msp.c ****     /* USER CODE BEGIN I2C1_MspInit 1 */
 185              		.loc 1 110 5 is_stmt 1 view .LVU40
 186              	.LBB5:
 110:Core/Src/stm32f4xx_hal_msp.c ****     /* USER CODE BEGIN I2C1_MspInit 1 */
 187              		.loc 1 110 5 view .LVU41
 188 004c 0295     		str	r5, [sp, #8]
 110:Core/Src/stm32f4xx_hal_msp.c ****     /* USER CODE BEGIN I2C1_MspInit 1 */
 189              		.loc 1 110 5 view .LVU42
 190 004e 236C     		ldr	r3, [r4, #64]
 191 0050 43F40013 		orr	r3, r3, #2097152
 192 0054 2364     		str	r3, [r4, #64]
 110:Core/Src/stm32f4xx_hal_msp.c ****     /* USER CODE BEGIN I2C1_MspInit 1 */
 193              		.loc 1 110 5 view .LVU43
 194 0056 236C     		ldr	r3, [r4, #64]
 195 0058 03F40013 		and	r3, r3, #2097152
 196 005c 0293     		str	r3, [sp, #8]
 110:Core/Src/stm32f4xx_hal_msp.c ****     /* USER CODE BEGIN I2C1_MspInit 1 */
 197              		.loc 1 110 5 view .LVU44
 198 005e 029B     		ldr	r3, [sp, #8]
 199              	.LBE5:
 110:Core/Src/stm32f4xx_hal_msp.c ****     /* USER CODE BEGIN I2C1_MspInit 1 */
 200              		.loc 1 110 5 discriminator 1 view .LVU45
 201              		.loc 1 117 1 is_stmt 0 view .LVU46
 202 0060 DAE7     		b	.L5
 203              	.L10:
 204 0062 00BF     		.align	2
 205              	.L9:
ARM GAS  /tmp/ccLB9qu0.s 			page 7


 206 0064 00540040 		.word	1073763328
 207 0068 00380240 		.word	1073887232
 208 006c 00040240 		.word	1073873920
 209              		.cfi_endproc
 210              	.LFE135:
 212              		.section	.text.HAL_I2C_MspDeInit,"ax",%progbits
 213              		.align	1
 214              		.global	HAL_I2C_MspDeInit
 215              		.syntax unified
 216              		.thumb
 217              		.thumb_func
 219              	HAL_I2C_MspDeInit:
 220              	.LVL6:
 221              	.LFB136:
 118:Core/Src/stm32f4xx_hal_msp.c **** 
 119:Core/Src/stm32f4xx_hal_msp.c **** /**
 120:Core/Src/stm32f4xx_hal_msp.c ****   * @brief I2C MSP De-Initialization
 121:Core/Src/stm32f4xx_hal_msp.c ****   * This function freeze the hardware resources used in this example
 122:Core/Src/stm32f4xx_hal_msp.c ****   * @param hi2c: I2C handle pointer
 123:Core/Src/stm32f4xx_hal_msp.c ****   * @retval None
 124:Core/Src/stm32f4xx_hal_msp.c ****   */
 125:Core/Src/stm32f4xx_hal_msp.c **** void HAL_I2C_MspDeInit(I2C_HandleTypeDef* hi2c)
 126:Core/Src/stm32f4xx_hal_msp.c **** {
 222              		.loc 1 126 1 is_stmt 1 view -0
 223              		.cfi_startproc
 224              		@ args = 0, pretend = 0, frame = 0
 225              		@ frame_needed = 0, uses_anonymous_args = 0
 127:Core/Src/stm32f4xx_hal_msp.c ****   if(hi2c->Instance==I2C1)
 226              		.loc 1 127 3 view .LVU48
 227              		.loc 1 127 10 is_stmt 0 view .LVU49
 228 0000 0268     		ldr	r2, [r0]
 229              		.loc 1 127 5 view .LVU50
 230 0002 0A4B     		ldr	r3, .L18
 231 0004 9A42     		cmp	r2, r3
 232 0006 00D0     		beq	.L17
 233 0008 7047     		bx	lr
 234              	.L17:
 126:Core/Src/stm32f4xx_hal_msp.c ****   if(hi2c->Instance==I2C1)
 235              		.loc 1 126 1 view .LVU51
 236 000a 10B5     		push	{r4, lr}
 237              	.LCFI7:
 238              		.cfi_def_cfa_offset 8
 239              		.cfi_offset 4, -8
 240              		.cfi_offset 14, -4
 128:Core/Src/stm32f4xx_hal_msp.c ****   {
 129:Core/Src/stm32f4xx_hal_msp.c ****     /* USER CODE BEGIN I2C1_MspDeInit 0 */
 130:Core/Src/stm32f4xx_hal_msp.c **** 
 131:Core/Src/stm32f4xx_hal_msp.c ****     /* USER CODE END I2C1_MspDeInit 0 */
 132:Core/Src/stm32f4xx_hal_msp.c ****     /* Peripheral clock disable */
 133:Core/Src/stm32f4xx_hal_msp.c ****     __HAL_RCC_I2C1_CLK_DISABLE();
 241              		.loc 1 133 5 is_stmt 1 view .LVU52
 242 000c 084A     		ldr	r2, .L18+4
 243 000e 136C     		ldr	r3, [r2, #64]
 244 0010 23F40013 		bic	r3, r3, #2097152
 245 0014 1364     		str	r3, [r2, #64]
 134:Core/Src/stm32f4xx_hal_msp.c **** 
 135:Core/Src/stm32f4xx_hal_msp.c ****     /**I2C1 GPIO Configuration
ARM GAS  /tmp/ccLB9qu0.s 			page 8


 136:Core/Src/stm32f4xx_hal_msp.c ****     PB6     ------> I2C1_SCL
 137:Core/Src/stm32f4xx_hal_msp.c ****     PB7     ------> I2C1_SDA
 138:Core/Src/stm32f4xx_hal_msp.c ****     */
 139:Core/Src/stm32f4xx_hal_msp.c ****     HAL_GPIO_DeInit(GPIOB, GPIO_PIN_6);
 246              		.loc 1 139 5 view .LVU53
 247 0016 074C     		ldr	r4, .L18+8
 248 0018 4021     		movs	r1, #64
 249 001a 2046     		mov	r0, r4
 250              	.LVL7:
 251              		.loc 1 139 5 is_stmt 0 view .LVU54
 252 001c FFF7FEFF 		bl	HAL_GPIO_DeInit
 253              	.LVL8:
 140:Core/Src/stm32f4xx_hal_msp.c **** 
 141:Core/Src/stm32f4xx_hal_msp.c ****     HAL_GPIO_DeInit(GPIOB, GPIO_PIN_7);
 254              		.loc 1 141 5 is_stmt 1 view .LVU55
 255 0020 8021     		movs	r1, #128
 256 0022 2046     		mov	r0, r4
 257 0024 FFF7FEFF 		bl	HAL_GPIO_DeInit
 258              	.LVL9:
 142:Core/Src/stm32f4xx_hal_msp.c **** 
 143:Core/Src/stm32f4xx_hal_msp.c ****     /* USER CODE BEGIN I2C1_MspDeInit 1 */
 144:Core/Src/stm32f4xx_hal_msp.c **** 
 145:Core/Src/stm32f4xx_hal_msp.c ****     /* USER CODE END I2C1_MspDeInit 1 */
 146:Core/Src/stm32f4xx_hal_msp.c ****   }
 147:Core/Src/stm32f4xx_hal_msp.c **** 
 148:Core/Src/stm32f4xx_hal_msp.c **** }
 259              		.loc 1 148 1 is_stmt 0 view .LVU56
 260 0028 10BD     		pop	{r4, pc}
 261              	.L19:
 262 002a 00BF     		.align	2
 263              	.L18:
 264 002c 00540040 		.word	1073763328
 265 0030 00380240 		.word	1073887232
 266 0034 00040240 		.word	1073873920
 267              		.cfi_endproc
 268              	.LFE136:
 270              		.text
 271              	.Letext0:
 272              		.file 2 "/usr/arm-none-eabi/include/machine/_default_types.h"
 273              		.file 3 "/usr/arm-none-eabi/include/sys/_stdint.h"
 274              		.file 4 "Drivers/CMSIS/Device/ST/STM32F4xx/Include/stm32f407xx.h"
 275              		.file 5 "Drivers/STM32F4xx_HAL_Driver/Inc/stm32f4xx_hal_def.h"
 276              		.file 6 "Drivers/STM32F4xx_HAL_Driver/Inc/stm32f4xx_hal_gpio.h"
 277              		.file 7 "Drivers/STM32F4xx_HAL_Driver/Inc/stm32f4xx_hal_dma.h"
 278              		.file 8 "Drivers/STM32F4xx_HAL_Driver/Inc/stm32f4xx_hal_i2c.h"
 279              		.file 9 "Drivers/STM32F4xx_HAL_Driver/Inc/stm32f4xx_hal_cortex.h"
ARM GAS  /tmp/ccLB9qu0.s 			page 9


DEFINED SYMBOLS
                            *ABS*:00000000 stm32f4xx_hal_msp.c
     /tmp/ccLB9qu0.s:21     .text.HAL_MspInit:00000000 $t
     /tmp/ccLB9qu0.s:27     .text.HAL_MspInit:00000000 HAL_MspInit
     /tmp/ccLB9qu0.s:87     .text.HAL_MspInit:0000003c $d
     /tmp/ccLB9qu0.s:92     .text.HAL_I2C_MspInit:00000000 $t
     /tmp/ccLB9qu0.s:98     .text.HAL_I2C_MspInit:00000000 HAL_I2C_MspInit
     /tmp/ccLB9qu0.s:206    .text.HAL_I2C_MspInit:00000064 $d
     /tmp/ccLB9qu0.s:213    .text.HAL_I2C_MspDeInit:00000000 $t
     /tmp/ccLB9qu0.s:219    .text.HAL_I2C_MspDeInit:00000000 HAL_I2C_MspDeInit
     /tmp/ccLB9qu0.s:264    .text.HAL_I2C_MspDeInit:0000002c $d

UNDEFINED SYMBOLS
HAL_NVIC_SetPriorityGrouping
HAL_GPIO_Init
HAL_GPIO_DeInit
